[31m(!) Failed to run dependency scan. Skipping dependency pre-bundling. Error: [31m  Failed to scan for dependencies from entries:
  D:/Projects/Aerion/index.html

  [31m[31mX [41;31m[[41;97mERROR[41;31m][0m [1mFailed to resolve entry for package "lenis". The package may have incorrect main/module/exports specified in its package.json.[0m [1m[35m[plugin vite:dep-scan][0m

    node_modules/esbuild/lib/main.js:1217:21:
[37m      1217 │         let result = [32m[37mawait callback({
           ╵                      [32m^[0m

    at packageEntryFailure (file:///D:/Projects/Aerion/node_modules/vite/dist/node/chunks/config.js:32816:32)
    at resolvePackageEntry (file:///D:/Projects/Aerion/node_modules/vite/dist/node/chunks/config.js:32813:2)
    at tryNodeResolve (file:///D:/Projects/Aerion/node_modules/vite/dist/node/chunks/config.js:32716:70)
    at ResolveIdContext.handler (file:///D:/Projects/Aerion/node_modules/vite/dist/node/chunks/config.js:32555:16)
    at EnvironmentPluginContainer.resolveId (file:///D:/Projects/Aerion/node_modules/vite/dist/node/chunks/config.js:28717:56)
    at process.processTicksAndRejections (node:internal/process/task_queues:104:5)
    at async resolve$4 (file:///D:/Projects/Aerion/node_modules/vite/dist/node/chunks/config.js:31505:16)
    at async file:///D:/Projects/Aerion/node_modules/vite/dist/node/chunks/config.js:31630:22
    at async requestCallbacks.on-resolve (D:\Projects\Aerion\node_modules\esbuild\lib\main.js:1217:22)
    at async handleRequest (D:\Projects\Aerion\node_modules\esbuild\lib\main.js:628:11)

  This error came from the "onResolve" callback registered here:

    node_modules/esbuild/lib/main.js:1141:20:
[37m      1141 │       let promise = [32m[37msetup({
           ╵                     [32m^[0m

    at setup (file:///D:/Projects/Aerion/node_modules/vite/dist/node/chunks/config.js:31627:12)
    at handlePlugins (D:\Projects\Aerion\node_modules\esbuild\lib\main.js:1141:21)
    at buildOrContextImpl (D:\Projects\Aerion\node_modules\esbuild\lib\main.js:854:5)
    at Object.buildOrContext (D:\Projects\Aerion\node_modules\esbuild\lib\main.js:680:5)
    at D:\Projects\Aerion\node_modules\esbuild\lib\main.js:2035:68
    at new Promise (<anonymous>)
    at Object.context (D:\Projects\Aerion\node_modules\esbuild\lib\main.js:2035:27)
    at Object.context (D:\Projects\Aerion\node_modules\esbuild\lib\main.js:1877:58)
    at prepareEsbuildScanner (file:///D:/Projects/Aerion/node_modules/vite/dist/node/chunks/config.js:31454:23)

  The plugin "vite:dep-scan" was triggered by this import

    src/App.jsx:4:18:
[37m      4 │ import Lenis from [32m'lenis'[37m; // FIXED
        ╵                   [32m~~~~~~~[0m


    at failureErrorWithLog (D:\Projects\Aerion\node_modules\esbuild\lib\main.js:1467:15)
    at D:\Projects\Aerion\node_modules\esbuild\lib\main.js:926:25
    at runOnEndCallbacks (D:\Projects\Aerion\node_modules\esbuild\lib\main.js:1307:45)
    at buildResponseToResult (D:\Projects\Aerion\node_modules\esbuild\lib\main.js:924:7)
    at D:\Projects\Aerion\node_modules\esbuild\lib\main.js:936:9
    at new Promise (<anonymous>)
    at requestCallbacks.on-end (D:\Projects\Aerion\node_modules\esbuild\lib\main.js:935:54)
    at handleRequest (D:\Projects\Aerion\node_modules\esbuild\lib\main.js:628:17)
    at handleIncomingPacket (D:\Projects\Aerion\node_modules\esbuild\lib\main.js:653:7)
    at Socket.readFromStdout (D:\Projects\Aerion\node_modules\esbuild\lib\main.js:581:7)[39m
[2m11:49:18 am[22m [31m[1m[vite][22m[39m [31m[2m(client)[22m[39m Pre-transform error: Failed to resolve entry for package "lenis". The package may have incorrect main/module/exports specified in its package.json.
  Plugin: [35mvite:import-analysis[39m
  File: [36mD:/Projects/Aerion/src/App.jsx[39m:4:18
[33m  3  |  import React, { useEffect, useRef } from "react";
  4  |  import { Route, Routes, useLocation } from "react-router-dom";
  5  |  import Lenis from "lenis";
     |                     ^
  6  |  import gsap from "gsap";
  7  |  import ScrollTrigger from "gsap/ScrollTrigger";[39m
X [ERROR] Unterminated string literal

    node_modules/@firebase/analytics/dist/esm/index.esm.js.map:1:98395:
      1 │ ...AAE;QAC5C,MAAM,aAAa,CAAC,MAAM,CAAgC,gBAAA,sCAAA;AACxD,YAAA,EAAE,EA
        ╵                                                                      ^

  The source map "node_modules/@firebase/analytics/dist/esm/index.esm.js.map" was referenced by the file "node_modules/@firebase/analytics/dist/esm/index.esm.js" here:

    node_modules/@firebase/analytics/dist/esm/index.esm.js:1272:21:
      1272 │ //# sourceMappingURL=index.esm.js.map
           ╵                      ~~~~~~~~~~~~~~~~

X [ERROR] Could not resolve "./postinstall.mjs"

    node_modules/@firebase/util/dist/index.esm.js:1:43:
      1 │ import { getDefaultsFromPostinstall } from './postinstall.mjs';
        ╵                                            ~~~~~~~~~~~~~~~~~~~

[2m11:49:46 am[22m [31m[1m[vite][22m[39m [31m[2m(client)[22m[39m [31merror while updating dependencies:
Error: [31mError during dependency optimization:

[31m[31mX [41;31m[[41;97mERROR[41;31m][0m [1mUnterminated string literal[0m

    node_modules/@firebase/analytics/dist/esm/index.esm.js.map:1:98395:
[37m      1 │ ...AAE;QAC5C,MAAM,aAAa,CAAC,MAAM,CAAgC,gBAAA,sCAAA;AACxD,YAAA,EAAE,EA[32m[37m
        ╵                                                                      [32m^[0m

  The source map "node_modules/@firebase/analytics/dist/esm/index.esm.js.map" was referenced by the file "node_modules/@firebase/analytics/dist/esm/index.esm.js" here:

    node_modules/@firebase/analytics/dist/esm/index.esm.js:1272:21:
[37m      1272 │ //# sourceMappingURL=[32mindex.esm.js.map[37m
           ╵                      [32m~~~~~~~~~~~~~~~~[0m


[31mX [41;31m[[41;97mERROR[41;31m][0m [1mCould not resolve "./postinstall.mjs"[0m

    node_modules/@firebase/util/dist/index.esm.js:1:43:
[37m      1 │ import { getDefaultsFromPostinstall } from [32m'./postinstall.mjs'[37m;
        ╵                                            [32m~~~~~~~~~~~~~~~~~~~[0m


    at failureErrorWithLog (D:\Projects\Aerion\node_modules\esbuild\lib\main.js:1467:15)
    at D:\Projects\Aerion\node_modules\esbuild\lib\main.js:926:25
    at D:\Projects\Aerion\node_modules\esbuild\lib\main.js:1345:9
    at process.processTicksAndRejections (node:internal/process/task_queues:104:5)[39m
[2m11:52:10 am[22m [31m[1m[vite][22m[39m [31mInternal server error: Failed to resolve entry for package "lenis". The package may have incorrect main/module/exports specified in its package.json.[39m
  Plugin: [35mvite:import-analysis[39m
  File: [36mD:/Projects/Aerion/src/App.jsx[39m:4:18
[33m  3  |  import React, { useEffect, useRef } from "react";
  4  |  import { Route, Routes, useLocation } from "react-router-dom";
  5  |  import Lenis from "lenis";
     |                     ^
  6  |  import gsap from "gsap";
  7  |  import ScrollTrigger from "gsap/ScrollTrigger";[39m
      at packageEntryFailure (file:///D:/Projects/Aerion/node_modules/vite/dist/node/chunks/config.js:32816:32)
      at resolvePackageEntry (file:///D:/Projects/Aerion/node_modules/vite/dist/node/chunks/config.js:32813:2)
      at tryNodeResolve (file:///D:/Projects/Aerion/node_modules/vite/dist/node/chunks/config.js:32716:70)
      at ResolveIdContext.handler (file:///D:/Projects/Aerion/node_modules/vite/dist/node/chunks/config.js:32555:16)
      at process.processTicksAndRejections (node:internal/process/task_queues:104:5)
      at async EnvironmentPluginContainer.resolveId (file:///D:/Projects/Aerion/node_modules/vite/dist/node/chunks/config.js:28717:19)
      at async TransformPluginContext.resolve (file:///D:/Projects/Aerion/node_modules/vite/dist/node/chunks/config.js:28929:13)
      at async normalizeUrl (file:///D:/Projects/Aerion/node_modules/vite/dist/node/chunks/config.js:27111:22)
      at async file:///D:/Projects/Aerion/node_modules/vite/dist/node/chunks/config.js:27177:32
      at async Promise.all (index 3)
      at async TransformPluginContext.transform (file:///D:/Projects/Aerion/node_modules/vite/dist/node/chunks/config.js:27145:4)
      at async EnvironmentPluginContainer.transform (file:///D:/Projects/Aerion/node_modules/vite/dist/node/chunks/config.js:28797:14)
      at async loadAndTransform (file:///D:/Projects/Aerion/node_modules/vite/dist/node/chunks/config.js:22670:26)
      at async viteTransformMiddleware (file:///D:/Projects/Aerion/node_modules/vite/dist/node/chunks/config.js:24542:20)
[2m11:52:23 am[22m [31m[1m[vite][22m[39m [31mInternal server error: Failed to resolve entry for package "lenis". The package may have incorrect main/module/exports specified in its package.json.[39m
  Plugin: [35mvite:import-analysis[39m
  File: [36mD:/Projects/Aerion/src/App.jsx[39m:4:18
[33m  3  |  import React, { useEffect, useRef } from "react";
  4  |  import { Route, Routes, useLocation } from "react-router-dom";
  5  |  import Lenis from "lenis";
     |                     ^
  6  |  import gsap from "gsap";
  7  |  import ScrollTrigger from "gsap/ScrollTrigger";[39m
      at packageEntryFailure (file:///D:/Projects/Aerion/node_modules/vite/dist/node/chunks/config.js:32816:32)
      at resolvePackageEntry (file:///D:/Projects/Aerion/node_modules/vite/dist/node/chunks/config.js:32813:2)
      at tryNodeResolve (file:///D:/Projects/Aerion/node_modules/vite/dist/node/chunks/config.js:32716:70)
      at ResolveIdContext.handler (file:///D:/Projects/Aerion/node_modules/vite/dist/node/chunks/config.js:32555:16)
      at process.processTicksAndRejections (node:internal/process/task_queues:104:5)
      at async EnvironmentPluginContainer.resolveId (file:///D:/Projects/Aerion/node_modules/vite/dist/node/chunks/config.js:28717:19)
      at async TransformPluginContext.resolve (file:///D:/Projects/Aerion/node_modules/vite/dist/node/chunks/config.js:28929:13)
      at async normalizeUrl (file:///D:/Projects/Aerion/node_modules/vite/dist/node/chunks/config.js:27111:22)
      at async file:///D:/Projects/Aerion/node_modules/vite/dist/node/chunks/config.js:27177:32
      at async Promise.all (index 3)
      at async TransformPluginContext.transform (file:///D:/Projects/Aerion/node_modules/vite/dist/node/chunks/config.js:27145:4)
      at async EnvironmentPluginContainer.transform (file:///D:/Projects/Aerion/node_modules/vite/dist/node/chunks/config.js:28797:14)
      at async loadAndTransform (file:///D:/Projects/Aerion/node_modules/vite/dist/node/chunks/config.js:22670:26)
      at async viteTransformMiddleware (file:///D:/Projects/Aerion/node_modules/vite/dist/node/chunks/config.js:24542:20)
X [ERROR] Unterminated string literal

    node_modules/@firebase/analytics/dist/esm/index.esm.js.map:1:98395:
      1 │ ...AAE;QAC5C,MAAM,aAAa,CAAC,MAAM,CAAgC,gBAAA,sCAAA;AACxD,YAAA,EAAE,EA
        ╵                                                                      ^

  The source map "node_modules/@firebase/analytics/dist/esm/index.esm.js.map" was referenced by the file "node_modules/@firebase/analytics/dist/esm/index.esm.js" here:

    node_modules/@firebase/analytics/dist/esm/index.esm.js:1272:21:
      1272 │ //# sourceMappingURL=index.esm.js.map
           ╵                      ~~~~~~~~~~~~~~~~

X [ERROR] Could not resolve "./postinstall.mjs"

    node_modules/@firebase/util/dist/index.esm.js:1:43:
      1 │ import { getDefaultsFromPostinstall } from './postinstall.mjs';
        ╵                                            ~~~~~~~~~~~~~~~~~~~

[2m11:52:27 am[22m [31m[1m[vite][22m[39m [31m[2m(client)[22m[39m [31merror while updating dependencies:
Error: [31mError during dependency optimization:

[31m[31mX [41;31m[[41;97mERROR[41;31m][0m [1mUnterminated string literal[0m

    node_modules/@firebase/analytics/dist/esm/index.esm.js.map:1:98395:
[37m      1 │ ...AAE;QAC5C,MAAM,aAAa,CAAC,MAAM,CAAgC,gBAAA,sCAAA;AACxD,YAAA,EAAE,EA[32m[37m
        ╵                                                                      [32m^[0m

  The source map "node_modules/@firebase/analytics/dist/esm/index.esm.js.map" was referenced by the file "node_modules/@firebase/analytics/dist/esm/index.esm.js" here:

    node_modules/@firebase/analytics/dist/esm/index.esm.js:1272:21:
[37m      1272 │ //# sourceMappingURL=[32mindex.esm.js.map[37m
           ╵                      [32m~~~~~~~~~~~~~~~~[0m


[31mX [41;31m[[41;97mERROR[41;31m][0m [1mCould not resolve "./postinstall.mjs"[0m

    node_modules/@firebase/util/dist/index.esm.js:1:43:
[37m      1 │ import { getDefaultsFromPostinstall } from [32m'./postinstall.mjs'[37m;
        ╵                                            [32m~~~~~~~~~~~~~~~~~~~[0m


    at failureErrorWithLog (D:\Projects\Aerion\node_modules\esbuild\lib\main.js:1467:15)
    at D:\Projects\Aerion\node_modules\esbuild\lib\main.js:926:25
    at D:\Projects\Aerion\node_modules\esbuild\lib\main.js:1345:9
    at process.processTicksAndRejections (node:internal/process/task_queues:104:5)[39m
